Removed Pin From Net: NetName=OTG_P Pin=J5-D+
Removed Pin From Net: NetName=OTG_N Pin=J5-D-
Removed Pin From Net: NetName=GND Pin=J5-GND1
Removed Pin From Net: NetName=GND Pin=J5-GND2
Removed Pin From Net: NetName=GND Pin=J5-GND3
Removed Pin From Net: NetName=GND Pin=J5-GND4
Removed Pin From Net: NetName=GND Pin=J5-GND
Removed Pin From Net: NetName=OTG_ID Pin=J5-ID
Removed Pin From Net: NetName=VBUS Pin=J5-VBUS
Removed Pin From Net: NetName=GND Pin=LIDAR-1
Removed Pin From Net: NetName=I2C1_SDA_EXT Pin=LIDAR-2
Removed Pin From Net: NetName=I2C1_SCL_EXT Pin=LIDAR-3
Removed Pin From Net: NetName=POWER Pin=LIDAR-4
Removed Pin From Net: NetName=PWM Pin=LIDAR-5
Removed Pin From Net: NetName=NetL2_2 Pin=LIDAR-6
Removed Pin From Net: NetName=GND Pin=LIDAR-GND
Removed Pin From Net: NetName=GND Pin=LIDAR-GND
Removed Pin From Net: NetName=NetD108_C Pin=P1-1
Removed Pin From Net: NetName=CAN_H_1 Pin=P1-2
Removed Pin From Net: NetName=CAN_L_1 Pin=P1-3
Removed Pin From Net: NetName=GND Pin=P1-4
Removed Pin From Net: NetName=GND Pin=P1-GND
Removed Pin From Net: NetName=GND Pin=P1-GND
Removed Member From Class: ClassName=PX4FLOW2.0_Connectors_X0 Member=J5
Removed Member From Class: ClassName=PX4FLOW2.0_Connectors_X0 Member=LIDAR
Change Component DesignItemId : Designator=P1 Old DesignItemId=CLICKMATE_1.25_4 New DesignItemId=Header 6
Change Component Footprint: Designator=P1 Old Footprint=CLICKMATE_V4 New Footprint=HDR1X6
Change Component Comment : Designator=P1 Old Comment=CLICKMATE_1.25_4 New Comment=Header 6
Added Pin To Net: NetName=NetL2_2 Pin=P1-1
Added Pin To Net: NetName=PWM Pin=P1-2
Added Pin To Net: NetName=POWER Pin=P1-3
Added Pin To Net: NetName=I2C1_SCL_EXT Pin=P1-4
Added Pin To Net: NetName=I2C1_SDA_EXT Pin=P1-5
Added Pin To Net: NetName=GND Pin=P1-6
Change Class Name : Old Net Name=PX4FLOW2.0_Connectors_X0 New Net Name=PX4FLOW2.1_Connectors_X0
