Added Component: Designator=Q5001(SOT23-BEC)
Added Component: Designator=R1(R0402)
Added Component: Designator=R2(R0402)
Added Component: Designator=R3(R0402)
Added Component: Designator=R4(R0402)
Added Component: Designator=R5002(0402-RES)
Added Pin To Net: NetName=+3V3 Pin=Q5001-E
Added Pin To Net: NetName=GND Pin=R1-2
Added Pin To Net: NetName=GND Pin=R2-2
Added Pin To Net: NetName=GND Pin=R3-2
Added Pin To Net: NetName=GND Pin=R4-2
Added Pin To Net: NetName=IMU_TEMPERATURE_CONTROL Pin=R5002-P$2
Added Pin To Net: NetName=NetQ5001_B Pin=Q5001-B
Added Pin To Net: NetName=NetQ5001_B Pin=R5002-P$1
Added Net: Name=NetQ5001_B
Added Pin To Net: NetName=NetQ5001_C Pin=Q5001-C
Added Pin To Net: NetName=NetQ5001_C Pin=R1-1
Added Pin To Net: NetName=NetQ5001_C Pin=R2-1
Added Pin To Net: NetName=NetQ5001_C Pin=R3-1
Added Pin To Net: NetName=NetQ5001_C Pin=R4-1
Added Net: Name=NetQ5001_C
Change Class Name : Old Net Name=PCA_0003_IMU_REV_C New Net Name=IMU_REV_E
Added Member To Class: ClassName=IMU_REV_E Member=Component Q5001 MMBT3906*SMD
Added Member To Class: ClassName=IMU_REV_E Member=Component R1 Resistor
Added Member To Class: ClassName=IMU_REV_E Member=Component R2 Resistor
Added Member To Class: ClassName=IMU_REV_E Member=Component R3 Resistor
Added Member To Class: ClassName=IMU_REV_E Member=Component R4 Resistor
Added Member To Class: ClassName=IMU_REV_E Member=Component R5002 1K8
