Removed Member From Class: ClassName=PX4FLOW2.0_CPU_X0 Member=C5
Removed Member From Class: ClassName=PX4FLOW2.0_CPU_X0 Member=C6
Removed Member From Class: ClassName=PX4FLOW2.0_CPU_X0 Member=C7
Removed Member From Class: ClassName=PX4FLOW2.0_CPU_X0 Member=C8
Removed Member From Class: ClassName=PX4FLOW2.0_CPU_X0 Member=C9
Removed Member From Class: ClassName=PX4FLOW2.0_CPU_X0 Member=C10
Removed Member From Class: ClassName=PX4FLOW2.0_CPU_X0 Member=C13
Removed Member From Class: ClassName=PX4FLOW2.0_CPU_X0 Member=C14
Removed Member From Class: ClassName=PX4FLOW2.0_CPU_X0 Member=C15
Removed Member From Class: ClassName=PX4FLOW2.0_CPU_X0 Member=C23
Removed Member From Class: ClassName=PX4FLOW2.0_CPU_X0 Member=C24
Removed Member From Class: ClassName=PX4FLOW2.0_CPU_X0 Member=C26
Removed Member From Class: ClassName=PX4FLOW2.0_CPU_X0 Member=C28
Removed Member From Class: ClassName=PX4FLOW2.0_CPU_X0 Member=C29
Removed Member From Class: ClassName=PX4FLOW2.0_CPU_X0 Member=C31
Removed Member From Class: ClassName=PX4FLOW2.0_CPU_X0 Member=C32
Removed Member From Class: ClassName=PX4FLOW2.0_CPU_X0 Member=D1
Removed Member From Class: ClassName=PX4FLOW2.0_CPU_X0 Member=D104
Removed Member From Class: ClassName=PX4FLOW2.0_CPU_X0 Member=D108
Removed Member From Class: ClassName=PX4FLOW2.0_CPU_X0 Member=J2
Removed Member From Class: ClassName=PX4FLOW2.0_CPU_X0 Member=J4
Removed Member From Class: ClassName=PX4FLOW2.0_CPU_X0 Member=J5
Removed Member From Class: ClassName=PX4FLOW2.0_CPU_X0 Member=JP1
Removed Member From Class: ClassName=PX4FLOW2.0_CPU_X0 Member=L1
Removed Member From Class: ClassName=PX4FLOW2.0_CPU_X0 Member=L2
Removed Member From Class: ClassName=PX4FLOW2.0_CPU_X0 Member=L3
Removed Member From Class: ClassName=PX4FLOW2.0_CPU_X0 Member=L8
Removed Member From Class: ClassName=PX4FLOW2.0_CPU_X0 Member=L11
Removed Member From Class: ClassName=PX4FLOW2.0_CPU_X0 Member=L103
Removed Member From Class: ClassName=PX4FLOW2.0_CPU_X0 Member=L106
Removed Member From Class: ClassName=PX4FLOW2.0_CPU_X0 Member=LED1
Removed Member From Class: ClassName=PX4FLOW2.0_CPU_X0 Member=LED2
Removed Member From Class: ClassName=PX4FLOW2.0_CPU_X0 Member=LED3
Removed Member From Class: ClassName=PX4FLOW2.0_CPU_X0 Member=LED4
Removed Member From Class: ClassName=PX4FLOW2.0_CPU_X0 Member=LIDAR
Removed Member From Class: ClassName=PX4FLOW2.0_CPU_X0 Member=P1
Removed Member From Class: ClassName=PX4FLOW2.0_CPU_X0 Member=P2
Removed Member From Class: ClassName=PX4FLOW2.0_CPU_X0 Member=P3
Removed Member From Class: ClassName=PX4FLOW2.0_CPU_X0 Member=P4
Removed Member From Class: ClassName=PX4FLOW2.0_CPU_X0 Member=P6
Removed Member From Class: ClassName=PX4FLOW2.0_CPU_X0 Member=Q1
Removed Member From Class: ClassName=PX4FLOW2.0_CPU_X0 Member=R6
Removed Member From Class: ClassName=PX4FLOW2.0_CPU_X0 Member=R7
Removed Member From Class: ClassName=PX4FLOW2.0_CPU_X0 Member=R8
Removed Member From Class: ClassName=PX4FLOW2.0_CPU_X0 Member=R10
Removed Member From Class: ClassName=PX4FLOW2.0_CPU_X0 Member=R11
Removed Member From Class: ClassName=PX4FLOW2.0_CPU_X0 Member=R13
Removed Member From Class: ClassName=PX4FLOW2.0_CPU_X0 Member=R14
Removed Member From Class: ClassName=PX4FLOW2.0_CPU_X0 Member=R15
Removed Member From Class: ClassName=PX4FLOW2.0_CPU_X0 Member=R17
Removed Member From Class: ClassName=PX4FLOW2.0_CPU_X0 Member=U1
Added Class: Name=PX4FLOW2.0_Connectors_X0
Added Class: Name=PX4FLOW2.0_Power_X0
