Removed Member From Class: ClassName=PX4FLOW2.0_CPU_X0 Member=C1
Removed Member From Class: ClassName=PX4FLOW2.0_CPU_X0 Member=C2
Removed Member From Class: ClassName=PX4FLOW2.0_CPU_X0 Member=C16
Removed Member From Class: ClassName=PX4FLOW2.0_CPU_X0 Member=C18
Removed Member From Class: ClassName=PX4FLOW2.0_CPU_X0 Member=C19
Removed Member From Class: ClassName=PX4FLOW2.0_CPU_X0 Member=C20
Removed Member From Class: ClassName=PX4FLOW2.0_CPU_X0 Member=C21
Removed Member From Class: ClassName=PX4FLOW2.0_CPU_X0 Member=C22
Removed Member From Class: ClassName=PX4FLOW2.0_CPU_X0 Member=C25
Removed Member From Class: ClassName=PX4FLOW2.0_CPU_X0 Member=C27
Removed Member From Class: ClassName=PX4FLOW2.0_CPU_X0 Member=C33
Removed Member From Class: ClassName=PX4FLOW2.0_CPU_X0 Member=C34
Removed Member From Class: ClassName=PX4FLOW2.0_CPU_X0 Member=C3004
Removed Member From Class: ClassName=PX4FLOW2.0_CPU_X0 Member=P5
Removed Member From Class: ClassName=PX4FLOW2.0_CPU_X0 Member=R9
Removed Member From Class: ClassName=PX4FLOW2.0_CPU_X0 Member=R19
Removed Member From Class: ClassName=PX4FLOW2.0_CPU_X0 Member=R20
Removed Member From Class: ClassName=PX4FLOW2.0_CPU_X0 Member=R3010
Removed Member From Class: ClassName=PX4FLOW2.0_CPU_X0 Member=U12
Removed Member From Class: ClassName=PX4FLOW2.0_CPU_X0 Member=U405
Removed Member From Class: ClassName=PX4FLOW2.0_CPU_X0 Member=U3004
Removed Member From Class: ClassName=PX4FLOW2.0_CPU_X0 Member=U$1
Removed Member From Class: ClassName=PX4FLOW2.0_CPU_X0 Member=U$3
Removed Member From Class: ClassName=PX4FLOW2.0_CPU_X0 Member=U$4
Removed Member From Class: ClassName=PX4FLOW2.0_CPU_X0 Member=U$5
Removed Member From Class: ClassName=PX4FLOW2.0_CPU_X0 Member=U$8
Added Class: Name=PX4FLOW2.0_CAM_X0
Added Class: Name=PX4FLOW2.0_Sensors_CAN_X0
Added Member To Class: ClassName=PX4FLOW2.0_Connectors_X0 Member=Component P5 Header 10
