Removed Pin From Net: NetName=GND Pin=ADDR0-1
Removed Pin From Net: NetName=ADDR0 Pin=ADDR0-2
Removed Pin From Net: NetName=GND Pin=ADDR1-1
Removed Pin From Net: NetName=ADDR1 Pin=ADDR1-2
Removed Pin From Net: NetName=GND Pin=ADDR2-1
Removed Pin From Net: NetName=ADDR2 Pin=ADDR2-2
Removed Pin From Net: NetName=NetL2_2 Pin=P2-1
Removed Pin From Net: NetName=I2C1_SCL_EXT Pin=P2-2
Removed Pin From Net: NetName=I2C1_SDA_EXT Pin=P2-3
Removed Pin From Net: NetName=GND Pin=P2-4
Removed Pin From Net: NetName=GND Pin=P2-GND
Removed Pin From Net: NetName=GND Pin=P2-GND
Removed Pin From Net: NetName=NetL3_2 Pin=P3-1
Removed Pin From Net: NetName=SER2RX Pin=P3-2
Removed Pin From Net: NetName=SER2TX Pin=P3-3
Removed Pin From Net: NetName=SER2CT Pin=P3-4
Removed Pin From Net: NetName=SER2RT Pin=P3-5
Removed Pin From Net: NetName=GND Pin=P3-GND
Removed Pin From Net: NetName=GND Pin=P3-GND
Removed Pin From Net: NetName=VDD_5V_IN_UART3 Pin=P4-1
Removed Pin From Net: NetName=USART3_RX Pin=P4-2
Removed Pin From Net: NetName=USART3_TX Pin=P4-3
Removed Pin From Net: NetName=USART3_RTS Pin=P4-4
Removed Pin From Net: NetName=USART3_CTS Pin=P4-5
Removed Pin From Net: NetName=GND Pin=P4-6
Removed Pin From Net: NetName=GND Pin=P4-GND
Removed Pin From Net: NetName=GND Pin=P4-GND
Removed Pin From Net: NetName=VDD_SONAR Pin=P5-1
Removed Pin From Net: NetName=SONAR_TX Pin=P5-2
Removed Pin From Net: NetName=US_EN1 Pin=P5-3
Removed Pin From Net: NetName=ADC123_IN10 Pin=P5-4
Removed Pin From Net: NetName=GND Pin=P5-6
Removed Pin From Net: NetName=GND Pin=P5-GND
Removed Pin From Net: NetName=GND Pin=P5-GND
Removed Member From Class: ClassName=PX4FLOW2.0_CPU_X0 Member=ADDR0
Removed Member From Class: ClassName=PX4FLOW2.0_CPU_X0 Member=ADDR1
Removed Member From Class: ClassName=PX4FLOW2.0_CPU_X0 Member=ADDR2
Removed Member From Class: ClassName=PX4FLOW2.0_CPU_X0 Member=P5
Change Component DesignItemId : Designator=P2 Old DesignItemId=CLICKMATE_1.25_4 New DesignItemId=Header 6
Change Component DesignItemId : Designator=P4 Old DesignItemId=CLICKMATE_1.25_6 New DesignItemId=Header 5
Change Component DesignItemId : Designator=P3 Old DesignItemId=CLICKMATE_1.25_6 New DesignItemId=Header 6
Change Component Footprint: Designator=P2 Old Footprint=CLICKMATE_V4 New Footprint=HDR1X6
Change Component Footprint: Designator=P4 Old Footprint=CLICKMATE_V6 New Footprint=HDR1X5
Change Component Footprint: Designator=P3 Old Footprint=CLICKMATE_V6 New Footprint=HDR1X6
Change Component Comment : Designator=P2 Old Comment=CLICKMATE_1.25_4 New Comment=Header 6
Change Component Comment : Designator=P4 Old Comment=CLICKMATE_1.25_6 New Comment=Header 5
Change Component Comment : Designator=P3 Old Comment=CLICKMATE_1.25_6 New Comment=Header 6
Added Component: Designator=LIDAR(CLICKMATE_H6)
Added Component: Designator=R12(R0402)
Added Pin To Net: NetName=NetL2_2 Pin=LIDAR-1
Added Pin To Net: NetName=I2C1_SCL_EXT Pin=LIDAR-4
Added Pin To Net: NetName=I2C1_SDA_EXT Pin=LIDAR-5
Added Pin To Net: NetName=GND Pin=LIDAR-6
Added Pin To Net: NetName=GND Pin=LIDAR-GND
Added Pin To Net: NetName=GND Pin=LIDAR-GND
Added Pin To Net: NetName=NetL3_2 Pin=P2-1
Added Pin To Net: NetName=SER2RX Pin=P2-2
Added Pin To Net: NetName=SER2TX Pin=P2-3
Added Pin To Net: NetName=SER2CT Pin=P2-4
Added Pin To Net: NetName=SER2RT Pin=P2-5
Added Pin To Net: NetName=GND Pin=P2-6
Added Pin To Net: NetName=VDD_5V_IN_UART3 Pin=P3-1
Added Pin To Net: NetName=USART3_RX Pin=P3-2
Added Pin To Net: NetName=USART3_TX Pin=P3-3
Added Pin To Net: NetName=USART3_RTS Pin=P3-4
Added Pin To Net: NetName=USART3_CTS Pin=P3-5
Added Pin To Net: NetName=+5V_USB Pin=P4-1
Added Pin To Net: NetName=D- Pin=P4-2
Added Pin To Net: NetName=D+ Pin=P4-3
Added Pin To Net: NetName=OTG_ID Pin=P4-4
Added Pin To Net: NetName=GND Pin=P4-5
Added Pin To Net: NetName=POWER Pin=LIDAR-3
Added Pin To Net: NetName=POWER Pin=U2-61
Added Net: Name=POWER
Added Pin To Net: NetName=PWM_EN Pin=R12-2
Added Pin To Net: NetName=PWM_EN Pin=U2-62
Added Net: Name=PWM_EN
Added Pin To Net: NetName=PWM Pin=J4-PW
Added Pin To Net: NetName=PWM Pin=LIDAR-2
Added Pin To Net: NetName=PWM Pin=U2-60
Added Net: Name=PWM
Added Member To Class: ClassName=PX4FLOW2.0_CPU_X0 Member=Component LIDAR CLICKMATE_1.25_6
Added Member To Class: ClassName=PX4FLOW2.0_CPU_X0 Member=Component R12 470
