Added Component: Designator=U2(STM-LQFP100_N)
Added Pin To Net: NetName=LED_AMBER Pin=U2-1
Added Pin To Net: NetName=LED_BLUE Pin=U2-2
Added Pin To Net: NetName=VDD_3V3 Pin=U2-6
Added Pin To Net: NetName=ADDR0 Pin=U2-7
Added Pin To Net: NetName=ADDR1 Pin=U2-8
Added Pin To Net: NetName=ADDR2 Pin=U2-9
Added Pin To Net: NetName=GND Pin=U2-10
Added Pin To Net: NetName=VDD_3V3 Pin=U2-11
Added Pin To Net: NetName=NetC3_P$1 Pin=U2-12
Added Pin To Net: NetName=NetC4_P$2 Pin=U2-13
Added Pin To Net: NetName=NetC17_2 Pin=U2-14
Added Pin To Net: NetName=ADC123_IN10 Pin=U2-15
Added Pin To Net: NetName=ADC123_IN11 Pin=U2-16
Added Pin To Net: NetName=ADC123_IN12 Pin=U2-17
Added Pin To Net: NetName=ADC123_IN13 Pin=U2-18
Added Pin To Net: NetName=VDD_3V3 Pin=U2-19
Added Pin To Net: NetName=GND Pin=U2-20
Added Pin To Net: NetName=TIM5_CH1 Pin=U2-23
Added Pin To Net: NetName=TIM5_CH2 Pin=U2-24
Added Pin To Net: NetName=GND Pin=U2-27
Added Pin To Net: NetName=VDD_3V3 Pin=U2-28
Added Pin To Net: NetName=CAM_NRESET Pin=U2-30
Added Pin To Net: NetName=SPI1_MOSI--- Pin=U2-32
Added Pin To Net: NetName=ADC12_IN4 Pin=U2-33
Added Pin To Net: NetName=ADC12_IN5 Pin=U2-34
Added Pin To Net: NetName=PRES_DRDY--- Pin=U2-35
Added Pin To Net: NetName=MAG_DRDY--- Pin=U2-36
Added Pin To Net: NetName=PB2-BOOT1 Pin=U2-37
Added Pin To Net: NetName=LED_RED Pin=U2-38
Added Pin To Net: NetName=US_EN1 Pin=U2-39
Added Pin To Net: NetName=TIM1_CH1 Pin=U2-40
Added Pin To Net: NetName=US_EN2 Pin=U2-41
Added Pin To Net: NetName=TIM1_CH2 Pin=U2-42
Added Pin To Net: NetName=GND Pin=U2-44
Added Pin To Net: NetName=GND Pin=U2-45
Added Pin To Net: NetName=GND Pin=U2-46
Added Pin To Net: NetName=NetC12_P$1 Pin=U2-49
Added Pin To Net: NetName=VDD_3V3 Pin=U2-50
Added Pin To Net: NetName=USART3_TX Pin=U2-55
Added Pin To Net: NetName=USART3_RX Pin=U2-56
Added Pin To Net: NetName=USART3_CK Pin=U2-57
Added Pin To Net: NetName=USART3_CTS Pin=U2-58
Added Pin To Net: NetName=USART3_RTS Pin=U2-59
Added Pin To Net: NetName=TIM4_CH2 Pin=U2-60
Added Pin To Net: NetName=TIM4_CH3 Pin=U2-61
Added Pin To Net: NetName=TIM4_CH4 Pin=U2-62
Added Pin To Net: NetName=I2C3_SCL--- Pin=U2-67
Added Pin To Net: NetName=VBUS Pin=U2-68
Added Pin To Net: NetName=OTG_FS_ID Pin=U2-69
Added Pin To Net: NetName=OTG_FS_N Pin=U2-70
Added Pin To Net: NetName=OTG_FS_P Pin=U2-71
Added Pin To Net: NetName=JTMS-SWDIO Pin=U2-72
Added Pin To Net: NetName=NetC11_P$1 Pin=U2-73
Added Pin To Net: NetName=GND Pin=U2-74
Added Pin To Net: NetName=VDD_3V3 Pin=U2-75
Added Pin To Net: NetName=JTCK-SWCLK Pin=U2-76
Added Pin To Net: NetName=JTDI Pin=U2-77
Added Pin To Net: NetName=UART4_RX Pin=U2-79
Added Pin To Net: NetName=CAN1_RX Pin=U2-81
Added Pin To Net: NetName=CAN1_TX Pin=U2-82
Added Pin To Net: NetName=DCMI_D11_UART5_RX Pin=U2-83
Added Pin To Net: NetName=USART2_CTS Pin=U2-84
Added Pin To Net: NetName=USART2_RTS Pin=U2-85
Added Pin To Net: NetName=USART2_TX Pin=U2-86
Added Pin To Net: NetName=USART2_RX Pin=U2-87
Added Pin To Net: NetName=USART2_CK Pin=U2-88
Added Pin To Net: NetName=JTDO Pin=U2-89
Added Pin To Net: NetName=J\T\R\S\T\ Pin=U2-90
Added Pin To Net: NetName=DCMI_D10 Pin=U2-91
Added Pin To Net: NetName=BOOT0 Pin=U2-94
Added Pin To Net: NetName=I2C1_SCL Pin=U2-95
Added Pin To Net: NetName=I2C1_SDA Pin=U2-96
Added Pin To Net: NetName=GND Pin=U2-99
Added Pin To Net: NetName=VDD_3V3 Pin=U2-100
Added Member To Class: ClassName=PX4FLOW2.0_CPU_X0 Member=Component U2 STM32F427VIT7TR
